\BOOKMARK [1][-]{section.1}{Overview}{}% 1
\BOOKMARK [1][-]{section.2}{Features}{}% 2
\BOOKMARK [1][-]{section.3}{Hardware Design}{}% 3
\BOOKMARK [2][-]{subsection.3.1}{Absolut values}{section.3}% 4
\BOOKMARK [2][-]{subsection.3.2}{Electrical Systems}{section.3}% 5
\BOOKMARK [3][-]{subsubsection.3.2.1}{Controller board}{subsection.3.2}% 6
\BOOKMARK [3][-]{subsubsection.3.2.2}{Functionality board}{subsection.3.2}% 7
\BOOKMARK [3][-]{subsubsection.3.2.3}{Connectivity board}{subsection.3.2}% 8
\BOOKMARK [2][-]{subsection.3.3}{Power}{section.3}% 9
\BOOKMARK [3][-]{subsubsection.3.3.1}{External power supply}{subsection.3.3}% 10
\BOOKMARK [3][-]{subsubsection.3.3.2}{On-board power}{subsection.3.3}% 11
\BOOKMARK [2][-]{subsection.3.4}{RTC}{section.3}% 12
\BOOKMARK [2][-]{subsection.3.5}{I2C Design}{section.3}% 13
\BOOKMARK [3][-]{subsubsection.3.5.1}{I2C Port}{subsection.3.5}% 14
\BOOKMARK [3][-]{subsubsection.3.5.2}{I2C Level shifting}{subsection.3.5}% 15
\BOOKMARK [2][-]{subsection.3.6}{Enhanced ADC}{section.3}% 16
\BOOKMARK [2][-]{subsection.3.7}{Read-Only Port}{section.3}% 17
\BOOKMARK [2][-]{subsection.3.8}{Dimensions}{section.3}% 18
\BOOKMARK [1][-]{section.4}{Software Design}{}% 19
\BOOKMARK [2][-]{subsection.4.1}{Overall strucutre}{section.4}% 20
\BOOKMARK [1][-]{section.5}{Future Work}{}% 21
\BOOKMARK [2][-]{subsection.5.1}{Wireless}{section.5}% 22
\BOOKMARK [1][-]{section*.3}{Appendices}{}% 23
\BOOKMARK [1][-]{Appendix.a.A}{PCB Design}{}% 24
\BOOKMARK [2][-]{subsection.a.A.1}{Functionality board}{Appendix.a.A}% 25
\BOOKMARK [2][-]{subsection.a.A.2}{Connectivity board}{Appendix.a.A}% 26
\BOOKMARK [1][-]{Appendix.a.B}{BOM}{}% 27
\BOOKMARK [1][-]{Appendix.a.C}{Source code}{}% 28
\BOOKMARK [2][-]{subsection.a.C.1}{Applications}{Appendix.a.C}% 29
\BOOKMARK [3][-]{subsubsection.a.C.1.1}{Main on Beaglebone Black}{subsection.a.C.1}% 30
